<?xml version="1.0" encoding="utf-8"?><testsuites name="pytest tests"><testsuite name="pytest" errors="0" failures="0" skipped="0" tests="11" time="1.562" timestamp="2026-08-17T00:25:29.428461+00:00" hostname="agent-env-44bf7f9e-f241-4d24-af6b-d26960a2868f"><testcase classname="tests.test_iter28.TestSeedWipeBehavior" name="test_seed_all_returns_zero_orders_and_customers" time="0.132" /><testcase classname="tests.test_iter28.TestSeedWipeBehavior" name="test_get_orders_empty_after_seed" time="0.166" /><testcase classname="tests.test_iter28.TestSeedWipeBehavior" name="test_get_customers_empty_after_seed" time="0.169" /><testcase classname="tests.test_iter28.TestSeedWipeBehavior" name="test_seed_orders_endpoint_wipe_only" time="0.099" /><testcase classname="tests.test_iter28.TestSeedWipeBehavior" name="test_seed_customers_endpoint_wipe_only" time="0.099" /><testcase classname="tests.test_iter28.TestReceiptLogo" name="test_get_receipt_settings_has_logo_url" time="0.169" /><testcase classname="tests.test_iter28.TestReceiptLogo" name="test_put_logo_url_persists" time="0.254" /><testcase classname="tests.test_iter28.TestReceiptLogo" name="test_put_logo_url_max_500_chars" time="0.193" /><testcase classname="tests.test_iter28.TestRBACScaffolding" name="test_users_models_import" time="0.102" /><testcase classname="tests.test_iter28.TestRBACScaffolding" name="test_db_collection_handles_exist" time="0.079" /><testcase classname="tests.test_iter28.TestRBACScaffolding" name="test_users_col_insert_and_cleanup" time="0.009" /></testsuite></testsuites>