<?xml version="1.0" encoding="utf-8"?><testsuites name="pytest tests"><testsuite name="pytest" errors="0" failures="0" skipped="0" tests="84" time="17.108" timestamp="2026-08-13T18:15:31.421168+00:00" hostname="agent-env-44bf7f9e-f241-4d24-af6b-d26960a2868f"><testcase classname="backend.tests.test_orders_seed" name="test_seed_returns_correct_distribution" time="0.146" /><testcase classname="backend.tests.test_orders_seed" name="test_list_all_orders" time="0.130" /><testcase classname="backend.tests.test_orders_seed" name="test_filter_status_antrian" time="0.131" /><testcase classname="backend.tests.test_orders_seed" name="test_filter_status_selesai" time="0.139" /><testcase classname="backend.tests.test_orders_seed" name="test_filter_payment_lunas" time="0.255" /><testcase classname="backend.tests.test_orders_seed" name="test_filter_since_far_past" time="0.123" /><testcase classname="backend.tests.test_orders_seed" name="test_filter_since_future" time="0.110" /><testcase classname="backend.tests.test_orders_seed" name="test_limit" time="0.119" /><testcase classname="backend.tests.test_orders_seed" name="test_get_order_by_id" time="0.318" /><testcase classname="backend.tests.test_orders_seed" name="test_get_order_404" time="0.123" /><testcase classname="backend.tests.test_orders_seed" name="test_event_chain_selesai" time="0.135" /><testcase classname="backend.tests.test_orders_seed" name="test_event_chain_antrian" time="0.167" /><testcase classname="backend.tests.test_orders_seed" name="test_create_order" time="0.237" /><testcase classname="backend.tests.test_orders_seed" name="test_create_duplicate_409" time="0.119" /><testcase classname="backend.tests.test_orders_seed" name="test_patch_status" time="0.137" /><testcase classname="backend.tests.test_orders_seed" name="test_patch_404" time="0.127" /><testcase classname="backend.tests.test_orders_seed" name="test_patch_invalid_status_422" time="0.143" /><testcase classname="backend.tests.test_orders_seed" name="test_patch_empty_actor_422" time="0.127" /><testcase classname="backend.tests.test_speed_tier_pricing.TestSeedContract" name="test_seed_all_returns_8_prices" time="0.121" /><testcase classname="backend.tests.test_speed_tier_pricing.TestSeedContract" name="test_seed_prices_endpoint_inserts_8" time="0.124" /><testcase classname="backend.tests.test_speed_tier_pricing.TestPricesSchema" name="test_get_prices_returns_8_rows" time="0.125" /><testcase classname="backend.tests.test_speed_tier_pricing.TestPricesSchema" name="test_every_row_has_umum_integer_field" time="0.134" /><testcase classname="backend.tests.test_speed_tier_pricing.TestPricesSchema" name="test_kiloan_speed_tiers_present_with_correct_umum" time="0.133" /><testcase classname="backend.tests.test_speed_tier_pricing.TestPricesSchema" name="test_kiloan_speed_tiers_tamel_member_laskita_match" time="0.116" /><testcase classname="backend.tests.test_speed_tier_pricing.TestPricesSchema" name="test_required_service_ids_present" time="0.150" /><testcase classname="backend.tests.test_speed_tier_pricing.TestBulkRoundTrip" name="test_bulk_replace_preserves_4_tier_schema" time="0.387" /><testcase classname="backend.tests.test_speed_tier_pricing.TestOrderItemsDetailSpeedLabel" name="test_create_order_with_speed_label_persists" time="0.387" /><testcase classname="backend.tests.test_step3_prices_customers_b2b" name="test_seed_all_returns_expected_counts" time="0.125" /><testcase classname="backend.tests.test_step3_prices_customers_b2b" name="test_get_prices_returns_canonical_rows" time="0.069" /><testcase classname="backend.tests.test_step3_prices_customers_b2b" name="test_prices_bulk_replace_then_reseed" time="0.205" /><testcase classname="backend.tests.test_step3_prices_customers_b2b" name="test_prices_bulk_invalid_missing_field" time="0.066" /><testcase classname="backend.tests.test_step3_prices_customers_b2b" name="test_prices_bulk_invalid_negative" time="0.065" /><testcase classname="backend.tests.test_step3_prices_customers_b2b" name="test_prices_bulk_accepts_arbitrary_service_id" time="0.276" /><testcase classname="backend.tests.test_step3_prices_customers_b2b" name="test_get_customers_returns_five_with_expected_mix" time="0.081" /><testcase classname="backend.tests.test_step3_prices_customers_b2b" name="test_customers_search_by_name" time="0.073" /><testcase classname="backend.tests.test_step3_prices_customers_b2b" name="test_customers_search_by_phone" time="0.144" /><testcase classname="backend.tests.test_step3_prices_customers_b2b" name="test_get_customer_by_id_and_404" time="0.262" /><testcase classname="backend.tests.test_step3_prices_customers_b2b" name="test_create_customer_and_duplicate_phone" time="0.227" /><testcase classname="backend.tests.test_step3_prices_customers_b2b" name="test_deduct_member_quota_decrements" time="0.141" /><testcase classname="backend.tests.test_step3_prices_customers_b2b" name="test_deduct_regular_returns_400" time="0.139" /><testcase classname="backend.tests.test_step3_prices_customers_b2b" name="test_deduct_insufficient_quota" time="0.145" /><testcase classname="backend.tests.test_step3_prices_customers_b2b" name="test_deduct_kg_zero_or_negative_returns_422" time="0.301" /><testcase classname="backend.tests.test_step3_prices_customers_b2b" name="test_b2b_list_four_partners_sorted_by_name" time="0.145" /><testcase classname="backend.tests.test_step3_prices_customers_b2b" name="test_b2b_usage_positive_delta" time="0.162" /><testcase classname="backend.tests.test_step3_prices_customers_b2b" name="test_b2b_usage_exceeds_total_returns_400" time="0.156" /><testcase classname="backend.tests.test_step3_prices_customers_b2b" name="test_b2b_usage_below_zero_returns_400" time="0.142" /><testcase classname="backend.tests.test_step3_prices_customers_b2b" name="test_b2b_usage_unknown_partner_returns_404" time="0.072" /><testcase classname="backend.tests.test_step3_prices_customers_b2b" name="test_dashboard_orders_still_listed" time="0.082" /><testcase classname="backend.tests.test_step4_staff_attendance.TestSeed" name="test_seed_all_includes_staff_inserted_6" time="0.175" /><testcase classname="backend.tests.test_step4_staff_attendance.TestSeed" name="test_seed_staff_alone_returns_inserted_6_and_wipes_attendance" time="0.230" /><testcase classname="backend.tests.test_step4_staff_attendance.TestStaffList" name="test_get_staff_returns_6_sorted_ascending_and_no_pin" time="0.123" /><testcase classname="backend.tests.test_step4_staff_attendance.TestClockIn" name="test_clock_in_happy_path" time="0.503" /><testcase classname="backend.tests.test_step4_staff_attendance.TestClockIn" name="test_clock_in_wrong_pin_returns_403" time="0.382" /><testcase classname="backend.tests.test_step4_staff_attendance.TestClockIn" name="test_clock_in_duplicate_returns_409" time="0.534" /><testcase classname="backend.tests.test_step4_staff_attendance.TestClockIn" name="test_clock_in_non_image_content_type_returns_415" time="0.367" /><testcase classname="backend.tests.test_step4_staff_attendance.TestClockIn" name="test_clock_in_missing_selfie_returns_422" time="0.407" /><testcase classname="backend.tests.test_step4_staff_attendance.TestClockOut" name="test_clock_out_wrong_pin_returns_403" time="0.363" /><testcase classname="backend.tests.test_step4_staff_attendance.TestClockOut" name="test_clock_out_without_open_attendance_returns_400" time="0.400" /><testcase classname="backend.tests.test_step4_staff_attendance.TestClockOut" name="test_clock_out_happy_path_populates_shift_report" time="0.510" /><testcase classname="backend.tests.test_step4_staff_attendance.TestAttendanceList" name="test_filter_by_staff_id_and_open_only" time="0.692" /><testcase classname="backend.tests.test_step4_staff_attendance.TestRegressions" name="test_health_ok" time="0.132" /><testcase classname="backend.tests.test_step4_staff_attendance.TestRegressions" name="test_orders_list" time="0.137" /><testcase classname="backend.tests.test_step4_staff_attendance.TestRegressions" name="test_prices_list" time="0.175" /><testcase classname="backend.tests.test_step5_auth.TestStaffPin" name="test_staff_pin_correct_returns_200_with_identity" time="0.428" /><testcase classname="backend.tests.test_step5_auth.TestStaffPin" name="test_staff_pin_wrong_returns_403" time="0.234" /><testcase classname="backend.tests.test_step5_auth.TestStaffPin" name="test_staff_pin_mismatched_id_pin_returns_403" time="0.115" /><testcase classname="backend.tests.test_step5_auth.TestStaffPin" name="test_staff_pin_missing_staff_id_returns_422" time="0.115" /><testcase classname="backend.tests.test_step5_auth.TestStaffPin" name="test_staff_pin_missing_pin_returns_422" time="0.251" /><testcase classname="backend.tests.test_step5_auth.TestStaffPin" name="test_staff_pin_non_digits_returns_422" time="0.239" /><testcase classname="backend.tests.test_step5_auth.TestAuthMeUnauthenticated" name="test_me_no_cookie_or_header_returns_401" time="0.123" /><testcase classname="backend.tests.test_step5_auth.TestAuthMeUnauthenticated" name="test_me_invalid_bearer_returns_401" time="0.130" /><testcase classname="backend.tests.test_step5_auth.TestAuthSessionExchange" name="test_session_exchange_bogus_id_returns_401" time="0.228" /><testcase classname="backend.tests.test_step5_auth.TestOwnerSessionSimulation" name="test_me_with_owner_bearer_returns_200" time="0.140" /><testcase classname="backend.tests.test_step5_auth.TestOwnerSessionSimulation" name="test_me_with_owner_cookie_returns_200" time="0.183" /><testcase classname="backend.tests.test_step5_auth.TestOwnerSessionSimulation" name="test_me_with_non_whitelisted_session_returns_403" time="0.150" /><testcase classname="backend.tests.test_step5_auth.TestOwnerSessionSimulation" name="test_me_with_non_whitelisted_cookie_returns_403" time="0.134" /><testcase classname="backend.tests.test_step5_auth.TestOwnerSessionSimulation" name="test_logout_deletes_session" time="0.248" /><testcase classname="backend.tests.test_step5_auth.TestOwnerSessionSimulation" name="test_logout_via_bearer_deletes_session" time="0.286" /><testcase classname="backend.tests.test_step5_auth.TestSessionExchangeResponseSchema" name="test_openapi_session_response_includes_session_token" time="0.022" /><testcase classname="backend.tests.test_step6_pod.TestPodUpload" name="test_pod_upload_png_success" time="0.682" /><testcase classname="backend.tests.test_step6_pod.TestPodUpload" name="test_pod_upload_unknown_order_returns_404" time="0.145" /><testcase classname="backend.tests.test_step6_pod.TestPodUpload" name="test_pod_upload_bad_mime_returns_415" time="0.121" /><testcase classname="backend.tests.test_step6_pod.TestPodUpload" name="test_pod_upload_empty_returns_400" time="0.136" /><testcase classname="backend.tests.test_step6_pod.TestPodUpload" name="test_pod_upload_payment_kind_also_works" time="0.143" /></testsuite></testsuites>