<?xml version="1.0" encoding="utf-8"?><testsuites name="pytest tests"><testsuite name="pytest" errors="0" failures="0" skipped="0" tests="54" time="11.970" timestamp="2026-05-04T02:40:50.326573+00:00" hostname="agent-env-44bf7f9e-f241-4d24-af6b-d26960a2868f"><testcase classname="backend.tests.test_orders_seed" name="test_seed_returns_correct_distribution" time="0.133" /><testcase classname="backend.tests.test_orders_seed" name="test_list_all_orders" time="0.125" /><testcase classname="backend.tests.test_orders_seed" name="test_filter_status_antrian" time="0.107" /><testcase classname="backend.tests.test_orders_seed" name="test_filter_status_selesai" time="0.107" /><testcase classname="backend.tests.test_orders_seed" name="test_filter_payment_lunas" time="0.229" /><testcase classname="backend.tests.test_orders_seed" name="test_filter_since_far_past" time="0.118" /><testcase classname="backend.tests.test_orders_seed" name="test_filter_since_future" time="0.116" /><testcase classname="backend.tests.test_orders_seed" name="test_limit" time="0.112" /><testcase classname="backend.tests.test_orders_seed" name="test_get_order_by_id" time="0.215" /><testcase classname="backend.tests.test_orders_seed" name="test_get_order_404" time="0.131" /><testcase classname="backend.tests.test_orders_seed" name="test_event_chain_selesai" time="0.115" /><testcase classname="backend.tests.test_orders_seed" name="test_event_chain_antrian" time="0.111" /><testcase classname="backend.tests.test_orders_seed" name="test_create_order" time="0.222" /><testcase classname="backend.tests.test_orders_seed" name="test_create_duplicate_409" time="0.099" /><testcase classname="backend.tests.test_orders_seed" name="test_patch_status" time="0.116" /><testcase classname="backend.tests.test_orders_seed" name="test_patch_404" time="0.106" /><testcase classname="backend.tests.test_orders_seed" name="test_patch_invalid_status_422" time="0.106" /><testcase classname="backend.tests.test_orders_seed" name="test_patch_empty_actor_422" time="0.155" /><testcase classname="backend.tests.test_step3_prices_customers_b2b" name="test_seed_all_returns_expected_counts" time="0.117" /><testcase classname="backend.tests.test_step3_prices_customers_b2b" name="test_get_prices_returns_six_canonical_rows" time="0.049" /><testcase classname="backend.tests.test_step3_prices_customers_b2b" name="test_prices_bulk_replace_then_reseed" time="0.182" /><testcase classname="backend.tests.test_step3_prices_customers_b2b" name="test_prices_bulk_invalid_missing_field" time="0.051" /><testcase classname="backend.tests.test_step3_prices_customers_b2b" name="test_prices_bulk_invalid_negative" time="0.057" /><testcase classname="backend.tests.test_step3_prices_customers_b2b" name="test_prices_bulk_invalid_service_id" time="0.099" /><testcase classname="backend.tests.test_step3_prices_customers_b2b" name="test_get_customers_returns_five_with_expected_mix" time="0.050" /><testcase classname="backend.tests.test_step3_prices_customers_b2b" name="test_customers_search_by_name" time="0.049" /><testcase classname="backend.tests.test_step3_prices_customers_b2b" name="test_customers_search_by_phone" time="0.106" /><testcase classname="backend.tests.test_step3_prices_customers_b2b" name="test_get_customer_by_id_and_404" time="0.141" /><testcase classname="backend.tests.test_step3_prices_customers_b2b" name="test_create_customer_and_duplicate_phone" time="0.110" /><testcase classname="backend.tests.test_step3_prices_customers_b2b" name="test_deduct_member_quota_decrements" time="0.106" /><testcase classname="backend.tests.test_step3_prices_customers_b2b" name="test_deduct_regular_returns_400" time="0.100" /><testcase classname="backend.tests.test_step3_prices_customers_b2b" name="test_deduct_insufficient_quota" time="0.097" /><testcase classname="backend.tests.test_step3_prices_customers_b2b" name="test_deduct_kg_zero_or_negative_returns_422" time="0.149" /><testcase classname="backend.tests.test_step3_prices_customers_b2b" name="test_b2b_list_four_partners_sorted_by_name" time="0.104" /><testcase classname="backend.tests.test_step3_prices_customers_b2b" name="test_b2b_usage_positive_delta" time="0.099" /><testcase classname="backend.tests.test_step3_prices_customers_b2b" name="test_b2b_usage_exceeds_total_returns_400" time="0.094" /><testcase classname="backend.tests.test_step3_prices_customers_b2b" name="test_b2b_usage_below_zero_returns_400" time="0.097" /><testcase classname="backend.tests.test_step3_prices_customers_b2b" name="test_b2b_usage_unknown_partner_returns_404" time="0.047" /><testcase classname="backend.tests.test_step3_prices_customers_b2b" name="test_dashboard_orders_still_listed" time="0.056" /><testcase classname="backend.tests.test_step4_staff_attendance.TestSeed" name="test_seed_all_includes_staff_inserted_6" time="0.121" /><testcase classname="backend.tests.test_step4_staff_attendance.TestSeed" name="test_seed_staff_alone_returns_inserted_6_and_wipes_attendance" time="0.216" /><testcase classname="backend.tests.test_step4_staff_attendance.TestStaffList" name="test_get_staff_returns_6_sorted_ascending_and_no_pin" time="0.125" /><testcase classname="backend.tests.test_step4_staff_attendance.TestClockIn" name="test_clock_in_happy_path" time="0.481" /><testcase classname="backend.tests.test_step4_staff_attendance.TestClockIn" name="test_clock_in_wrong_pin_returns_403" time="0.332" /><testcase classname="backend.tests.test_step4_staff_attendance.TestClockIn" name="test_clock_in_duplicate_returns_409" time="0.429" /><testcase classname="backend.tests.test_step4_staff_attendance.TestClockIn" name="test_clock_in_non_image_content_type_returns_415" time="0.302" /><testcase classname="backend.tests.test_step4_staff_attendance.TestClockIn" name="test_clock_in_missing_selfie_returns_422" time="0.344" /><testcase classname="backend.tests.test_step4_staff_attendance.TestClockOut" name="test_clock_out_wrong_pin_returns_403" time="0.332" /><testcase classname="backend.tests.test_step4_staff_attendance.TestClockOut" name="test_clock_out_without_open_attendance_returns_400" time="0.325" /><testcase classname="backend.tests.test_step4_staff_attendance.TestClockOut" name="test_clock_out_happy_path_populates_shift_report" time="3.566" /><testcase classname="backend.tests.test_step4_staff_attendance.TestAttendanceList" name="test_filter_by_staff_id_and_open_only" time="0.584" /><testcase classname="backend.tests.test_step4_staff_attendance.TestRegressions" name="test_health_ok" time="0.116" /><testcase classname="backend.tests.test_step4_staff_attendance.TestRegressions" name="test_orders_list" time="0.121" /><testcase classname="backend.tests.test_step4_staff_attendance.TestRegressions" name="test_prices_list" time="0.108" /></testsuite></testsuites>