<?xml version="1.0" encoding="utf-8"?><testsuites name="pytest tests"><testsuite name="pytest" errors="0" failures="0" skipped="0" tests="12" time="2.185" timestamp="2026-05-03T07:46:56.353644+00:00" hostname="agent-env-44bf7f9e-f241-4d24-af6b-d26960a2868f"><testcase classname="backend.tests.test_step5_auth.TestStaffPin" name="test_staff_pin_correct_returns_200" time="0.458" /><testcase classname="backend.tests.test_step5_auth.TestStaffPin" name="test_staff_pin_wrong_returns_403" time="0.103" /><testcase classname="backend.tests.test_step5_auth.TestStaffPin" name="test_staff_pin_too_short_returns_422" time="0.156" /><testcase classname="backend.tests.test_step5_auth.TestStaffPin" name="test_staff_pin_missing_field_returns_422" time="0.105" /><testcase classname="backend.tests.test_step5_auth.TestStaffPin" name="test_staff_pin_non_digits_returns_422" time="0.134" /><testcase classname="backend.tests.test_step5_auth.TestAuthMeUnauthenticated" name="test_me_no_cookie_or_header_returns_401" time="0.107" /><testcase classname="backend.tests.test_step5_auth.TestAuthMeUnauthenticated" name="test_me_invalid_bearer_returns_401" time="0.096" /><testcase classname="backend.tests.test_step5_auth.TestAuthSessionExchange" name="test_session_exchange_bogus_id_returns_401" time="0.203" /><testcase classname="backend.tests.test_step5_auth.TestOwnerSessionSimulation" name="test_me_with_owner_bearer_returns_200" time="0.149" /><testcase classname="backend.tests.test_step5_auth.TestOwnerSessionSimulation" name="test_me_with_owner_cookie_returns_200" time="0.106" /><testcase classname="backend.tests.test_step5_auth.TestOwnerSessionSimulation" name="test_me_with_non_whitelisted_session_still_returns_200" time="0.154" /><testcase classname="backend.tests.test_step5_auth.TestOwnerSessionSimulation" name="test_logout_deletes_session" time="0.230" /></testsuite></testsuites>