<?xml version="1.0" encoding="utf-8"?><testsuites name="pytest tests"><testsuite name="pytest" errors="0" failures="0" skipped="0" tests="18" time="3.007" timestamp="2026-05-02T01:16:20.710064+00:00" hostname="agent-env-44bf7f9e-f241-4d24-af6b-d26960a2868f"><testcase classname="backend.tests.test_orders_seed" name="test_seed_returns_correct_distribution" time="0.264" /><testcase classname="backend.tests.test_orders_seed" name="test_list_all_orders" time="0.142" /><testcase classname="backend.tests.test_orders_seed" name="test_filter_status_antrian" time="0.134" /><testcase classname="backend.tests.test_orders_seed" name="test_filter_status_selesai" time="0.120" /><testcase classname="backend.tests.test_orders_seed" name="test_filter_payment_lunas" time="0.263" /><testcase classname="backend.tests.test_orders_seed" name="test_filter_since_far_past" time="0.108" /><testcase classname="backend.tests.test_orders_seed" name="test_filter_since_future" time="0.102" /><testcase classname="backend.tests.test_orders_seed" name="test_limit" time="0.103" /><testcase classname="backend.tests.test_orders_seed" name="test_get_order_by_id" time="0.297" /><testcase classname="backend.tests.test_orders_seed" name="test_get_order_404" time="0.110" /><testcase classname="backend.tests.test_orders_seed" name="test_event_chain_selesai" time="0.119" /><testcase classname="backend.tests.test_orders_seed" name="test_event_chain_antrian" time="0.163" /><testcase classname="backend.tests.test_orders_seed" name="test_create_order" time="0.299" /><testcase classname="backend.tests.test_orders_seed" name="test_create_duplicate_409" time="0.122" /><testcase classname="backend.tests.test_orders_seed" name="test_patch_status" time="0.143" /><testcase classname="backend.tests.test_orders_seed" name="test_patch_404" time="0.111" /><testcase classname="backend.tests.test_orders_seed" name="test_patch_invalid_status_422" time="0.107" /><testcase classname="backend.tests.test_orders_seed" name="test_patch_empty_actor_422" time="0.115" /></testsuite></testsuites>