<?xml version="1.0" encoding="utf-8"?><testsuites name="pytest tests"><testsuite name="pytest" errors="0" failures="0" skipped="0" tests="21" time="2.295" timestamp="2026-05-03T05:30:16.410024+00:00" hostname="agent-env-44bf7f9e-f241-4d24-af6b-d26960a2868f"><testcase classname="backend.tests.test_step3_prices_customers_b2b" name="test_seed_all_returns_expected_counts" time="0.258" /><testcase classname="backend.tests.test_step3_prices_customers_b2b" name="test_get_prices_returns_six_canonical_rows" time="0.048" /><testcase classname="backend.tests.test_step3_prices_customers_b2b" name="test_prices_bulk_replace_then_reseed" time="0.259" /><testcase classname="backend.tests.test_step3_prices_customers_b2b" name="test_prices_bulk_invalid_missing_field" time="0.044" /><testcase classname="backend.tests.test_step3_prices_customers_b2b" name="test_prices_bulk_invalid_negative" time="0.047" /><testcase classname="backend.tests.test_step3_prices_customers_b2b" name="test_prices_bulk_invalid_service_id" time="0.090" /><testcase classname="backend.tests.test_step3_prices_customers_b2b" name="test_get_customers_returns_five_with_expected_mix" time="0.051" /><testcase classname="backend.tests.test_step3_prices_customers_b2b" name="test_customers_search_by_name" time="0.044" /><testcase classname="backend.tests.test_step3_prices_customers_b2b" name="test_customers_search_by_phone" time="0.089" /><testcase classname="backend.tests.test_step3_prices_customers_b2b" name="test_get_customer_by_id_and_404" time="0.129" /><testcase classname="backend.tests.test_step3_prices_customers_b2b" name="test_create_customer_and_duplicate_phone" time="0.086" /><testcase classname="backend.tests.test_step3_prices_customers_b2b" name="test_deduct_member_quota_decrements" time="0.086" /><testcase classname="backend.tests.test_step3_prices_customers_b2b" name="test_deduct_regular_returns_400" time="0.089" /><testcase classname="backend.tests.test_step3_prices_customers_b2b" name="test_deduct_insufficient_quota" time="0.092" /><testcase classname="backend.tests.test_step3_prices_customers_b2b" name="test_deduct_kg_zero_or_negative_returns_422" time="0.134" /><testcase classname="backend.tests.test_step3_prices_customers_b2b" name="test_b2b_list_four_partners_sorted_by_name" time="0.095" /><testcase classname="backend.tests.test_step3_prices_customers_b2b" name="test_b2b_usage_positive_delta" time="0.091" /><testcase classname="backend.tests.test_step3_prices_customers_b2b" name="test_b2b_usage_exceeds_total_returns_400" time="0.094" /><testcase classname="backend.tests.test_step3_prices_customers_b2b" name="test_b2b_usage_below_zero_returns_400" time="0.099" /><testcase classname="backend.tests.test_step3_prices_customers_b2b" name="test_b2b_usage_unknown_partner_returns_404" time="0.045" /><testcase classname="backend.tests.test_step3_prices_customers_b2b" name="test_dashboard_orders_still_listed" time="0.060" /></testsuite></testsuites>