<?xml version="1.0" encoding="utf-8"?><testsuites name="pytest tests"><testsuite name="pytest" errors="0" failures="0" skipped="0" tests="6" time="1.730" timestamp="2026-08-17T01:12:39.068911+00:00" hostname="agent-env-44bf7f9e-f241-4d24-af6b-d26960a2868f"><testcase classname="tests.test_iter29_scanner" name="test_get_order_404" time="0.241" /><testcase classname="tests.test_iter29_scanner" name="test_payment_patch_flips_nanti_to_lunas" time="0.367" /><testcase classname="tests.test_iter29_scanner" name="test_payment_patch_idempotent_still_appends_event" time="0.370" /><testcase classname="tests.test_iter29_scanner" name="test_payment_patch_404_unknown_order" time="0.149" /><testcase classname="tests.test_iter29_scanner" name="test_payment_patch_requires_actor_default_ok" time="0.289" /><testcase classname="tests.test_iter29_scanner" name="test_status_patch_still_works_alongside_payment" time="0.259" /></testsuite></testsuites>