<?xml version="1.0" encoding="utf-8"?><testsuites name="pytest tests"><testsuite name="pytest" errors="0" failures="0" skipped="0" tests="15" time="4.251" timestamp="2026-05-03T05:59:22.643246+00:00" hostname="agent-env-44bf7f9e-f241-4d24-af6b-d26960a2868f"><testcase classname="tests.test_step4_staff_attendance.TestSeed" name="test_seed_all_includes_staff_inserted_6" time="0.146" /><testcase classname="tests.test_step4_staff_attendance.TestSeed" name="test_seed_staff_alone_returns_inserted_6_and_wipes_attendance" time="0.208" /><testcase classname="tests.test_step4_staff_attendance.TestStaffList" name="test_get_staff_returns_6_sorted_ascending_and_no_pin" time="0.101" /><testcase classname="tests.test_step4_staff_attendance.TestClockIn" name="test_clock_in_happy_path" time="0.336" /><testcase classname="tests.test_step4_staff_attendance.TestClockIn" name="test_clock_in_wrong_pin_returns_403" time="0.312" /><testcase classname="tests.test_step4_staff_attendance.TestClockIn" name="test_clock_in_duplicate_returns_409" time="0.431" /><testcase classname="tests.test_step4_staff_attendance.TestClockIn" name="test_clock_in_non_image_content_type_returns_415" time="0.310" /><testcase classname="tests.test_step4_staff_attendance.TestClockIn" name="test_clock_in_missing_selfie_returns_422" time="0.342" /><testcase classname="tests.test_step4_staff_attendance.TestClockOut" name="test_clock_out_wrong_pin_returns_403" time="0.333" /><testcase classname="tests.test_step4_staff_attendance.TestClockOut" name="test_clock_out_without_open_attendance_returns_400" time="0.329" /><testcase classname="tests.test_step4_staff_attendance.TestClockOut" name="test_clock_out_happy_path_populates_shift_report" time="0.410" /><testcase classname="tests.test_step4_staff_attendance.TestAttendanceList" name="test_filter_by_staff_id_and_open_only" time="0.587" /><testcase classname="tests.test_step4_staff_attendance.TestRegressions" name="test_health_ok" time="0.098" /><testcase classname="tests.test_step4_staff_attendance.TestRegressions" name="test_orders_list" time="0.111" /><testcase classname="tests.test_step4_staff_attendance.TestRegressions" name="test_prices_list" time="0.105" /></testsuite></testsuites>