<?xml version="1.0" encoding="utf-8"?><testsuites name="pytest tests"><testsuite name="pytest" errors="0" failures="0" skipped="0" tests="6" time="1.383" timestamp="2026-08-16T23:05:02.129378+00:00" hostname="agent-env-44bf7f9e-f241-4d24-af6b-d26960a2868f"><testcase classname="backend.tests.test_pos_flow_iter27.TestCustomers" name="test_create_regular_customer_and_get_via_search" time="0.374" /><testcase classname="backend.tests.test_pos_flow_iter27.TestCustomers" name="test_duplicate_phone_returns_409" time="0.256" /><testcase classname="backend.tests.test_pos_flow_iter27.TestB2BQuotas" name="test_list_returns_seeded_partners" time="0.129" /><testcase classname="backend.tests.test_pos_flow_iter27.TestStaff" name="test_list_returns_seeded_staff" time="0.164" /><testcase classname="backend.tests.test_pos_flow_iter27.TestOrdersPiutang" name="test_orders_payment_status_nanti" time="0.108" /><testcase classname="backend.tests.test_pos_flow_iter27.TestOrdersPiutang" name="test_orders_status_packing_for_courier" time="0.156" /></testsuite></testsuites>