<?xml version="1.0" encoding="utf-8"?><testsuites name="pytest tests"><testsuite name="pytest" errors="0" failures="0" skipped="0" tests="11" time="2.149" timestamp="2026-08-17T09:29:31.589242+00:00" hostname="agent-env-44bf7f9e-f241-4d24-af6b-d26960a2868f"><testcase classname="tests.test_iter30_crm.TestCustomersFilter" name="test_seed_and_filter_by_source_and_type" time="0.542" /><testcase classname="tests.test_iter30_crm.TestCustomerPatch" name="test_partial_update_address_only" time="0.157" /><testcase classname="tests.test_iter30_crm.TestCustomerPatch" name="test_patch_phone_conflict_409" time="0.136" /><testcase classname="tests.test_iter30_crm.TestCustomerCSV" name="test_export_header_and_content" time="0.043" /><testcase classname="tests.test_iter30_crm.TestCustomerCSV" name="test_import_creates_and_updates" time="0.266" /><testcase classname="tests.test_iter30_crm.TestProspects" name="test_create_default_status_and_dup_conflict" time="0.085" /><testcase classname="tests.test_iter30_crm.TestProspects" name="test_list_filter_by_status" time="0.174" /><testcase classname="tests.test_iter30_crm.TestProspects" name="test_convert_prospect_to_customer" time="0.133" /><testcase classname="tests.test_iter30_crm.TestProspects" name="test_delete_prospect" time="0.127" /><testcase classname="tests.test_iter30_crm.TestProspects" name="test_prospects_csv_export_import" time="0.274" /><testcase classname="tests.test_iter30_crm" name="test_zzz_cleanup" time="0.128" /></testsuite></testsuites>