<?xml version="1.0" encoding="utf-8"?><testsuites name="pytest tests"><testsuite name="pytest" errors="0" failures="0" skipped="0" tests="19" time="4.010" timestamp="2026-05-04T02:40:42.546057+00:00" hostname="agent-env-44bf7f9e-f241-4d24-af6b-d26960a2868f"><testcase classname="backend.tests.test_step6_pod.TestPodUpload" name="test_pod_upload_png_success" time="0.725" /><testcase classname="backend.tests.test_step6_pod.TestPodUpload" name="test_pod_upload_unknown_order_returns_404" time="0.108" /><testcase classname="backend.tests.test_step6_pod.TestPodUpload" name="test_pod_upload_bad_mime_returns_415" time="0.104" /><testcase classname="backend.tests.test_step6_pod.TestPodUpload" name="test_pod_upload_empty_returns_400" time="0.126" /><testcase classname="backend.tests.test_step6_pod.TestPodUpload" name="test_pod_upload_payment_kind_also_works" time="0.163" /><testcase classname="backend.tests.test_step5_auth.TestStaffPin" name="test_staff_pin_correct_returns_200_with_identity" time="0.382" /><testcase classname="backend.tests.test_step5_auth.TestStaffPin" name="test_staff_pin_wrong_returns_403" time="0.223" /><testcase classname="backend.tests.test_step5_auth.TestStaffPin" name="test_staff_pin_mismatched_id_pin_returns_403" time="0.104" /><testcase classname="backend.tests.test_step5_auth.TestStaffPin" name="test_staff_pin_missing_staff_id_returns_422" time="0.141" /><testcase classname="backend.tests.test_step5_auth.TestStaffPin" name="test_staff_pin_missing_pin_returns_422" time="0.224" /><testcase classname="backend.tests.test_step5_auth.TestStaffPin" name="test_staff_pin_non_digits_returns_422" time="0.253" /><testcase classname="backend.tests.test_step5_auth.TestAuthMeUnauthenticated" name="test_me_no_cookie_or_header_returns_401" time="0.169" /><testcase classname="backend.tests.test_step5_auth.TestAuthMeUnauthenticated" name="test_me_invalid_bearer_returns_401" time="0.107" /><testcase classname="backend.tests.test_step5_auth.TestAuthSessionExchange" name="test_session_exchange_bogus_id_returns_401" time="0.260" /><testcase classname="backend.tests.test_step5_auth.TestOwnerSessionSimulation" name="test_me_with_owner_bearer_returns_200" time="0.159" /><testcase classname="backend.tests.test_step5_auth.TestOwnerSessionSimulation" name="test_me_with_owner_cookie_returns_200" time="0.118" /><testcase classname="backend.tests.test_step5_auth.TestOwnerSessionSimulation" name="test_me_with_non_whitelisted_session_returns_403" time="0.112" /><testcase classname="backend.tests.test_step5_auth.TestOwnerSessionSimulation" name="test_me_with_non_whitelisted_cookie_returns_403" time="0.115" /><testcase classname="backend.tests.test_step5_auth.TestOwnerSessionSimulation" name="test_logout_deletes_session" time="0.218" /></testsuite></testsuites>