<?xml version="1.0" encoding="utf-8"?><testsuites name="pytest tests"><testsuite name="pytest" errors="0" failures="1" skipped="0" tests="9" time="1.449" timestamp="2026-05-06T07:05:34.679337+00:00" hostname="agent-env-44bf7f9e-f241-4d24-af6b-d26960a2868f"><testcase classname="backend.tests.test_speed_tier_pricing.TestSeedContract" name="test_seed_all_returns_8_prices" time="0.183" /><testcase classname="backend.tests.test_speed_tier_pricing.TestSeedContract" name="test_seed_prices_endpoint_inserts_8" time="0.118" /><testcase classname="backend.tests.test_speed_tier_pricing.TestPricesSchema" name="test_get_prices_returns_8_rows" time="0.109" /><testcase classname="backend.tests.test_speed_tier_pricing.TestPricesSchema" name="test_every_row_has_umum_integer_field" time="0.108" /><testcase classname="backend.tests.test_speed_tier_pricing.TestPricesSchema" name="test_kiloan_speed_tiers_present_with_correct_umum" time="0.107" /><testcase classname="backend.tests.test_speed_tier_pricing.TestPricesSchema" name="test_kiloan_speed_tiers_tamel_member_laskita_match" time="0.104" /><testcase classname="backend.tests.test_speed_tier_pricing.TestPricesSchema" name="test_required_service_ids_present" time="0.102" /><testcase classname="backend.tests.test_speed_tier_pricing.TestBulkRoundTrip" name="test_bulk_replace_preserves_4_tier_schema" time="0.318" /><testcase classname="backend.tests.test_speed_tier_pricing.TestOrderItemsDetailSpeedLabel" name="test_create_order_with_speed_label_persists" time="0.206"><failure message="AssertionError: {&quot;detail&quot;:[{&quot;type&quot;:&quot;missing&quot;,&quot;loc&quot;:[&quot;body&quot;,&quot;order_id&quot;],&quot;msg&quot;:&quot;Field required&quot;,&quot;input&quot;:{&quot;customer_name&quot;:&quot;TEST_SpeedTier User&quot;,&quot;customer_phone&quot;:&quot;6281999900001&quot;,&quot;customer_address&quot;:&quot;Jl. Test 1&quot;,&quot;source&quot;:&quot;Walk-in&quot;,&quot;weight_kg&quot;:3.0,&quot;items_detail&quot;:&quot;Cuci Kiloan - Flash (1 Hari) - 3.0kg&quot;,&quot;total_price&quot;:30000,&quot;payment_status&quot;:&quot;Lunas&quot;,&quot;order_status&quot;:&quot;Antrian&quot;},&quot;url&quot;:&quot;https://errors.pydantic.dev/2.12/v/missing&quot;}]}&#10;assert 422 in (200, 201)&#10; +  where 422 = &lt;Response [422]&gt;.status_code">backend/tests/test_speed_tier_pricing.py:130: in test_create_order_with_speed_label_persists
    assert r.status_code in (200, 201), r.text
E   AssertionError: {"detail":[{"type":"missing","loc":["body","order_id"],"msg":"Field required","input":{"customer_name":"TEST_SpeedTier User","customer_phone":"6281999900001","customer_address":"Jl. Test 1","source":"Walk-in","weight_kg":3.0,"items_detail":"Cuci Kiloan - Flash (1 Hari) - 3.0kg","total_price":30000,"payment_status":"Lunas","order_status":"Antrian"},"url":"https://errors.pydantic.dev/2.12/v/missing"}]}
E   assert 422 in (200, 201)
E    +  where 422 = &lt;Response [422]&gt;.status_code</failure></testcase></testsuite></testsuites>