<?xml version="1.0" encoding="utf-8"?><testsuites name="pytest tests"><testsuite name="pytest" errors="0" failures="0" skipped="0" tests="5" time="1.182" timestamp="2026-08-16T11:44:56.290063+00:00" hostname="agent-env-44bf7f9e-f241-4d24-af6b-d26960a2868f"><testcase classname="backend.tests.test_receipt_settings" name="test_get_seeds_default_on_first_call" time="0.472" /><testcase classname="backend.tests.test_receipt_settings" name="test_put_replaces_and_persists" time="0.248" /><testcase classname="backend.tests.test_receipt_settings" name="test_put_appends_missing_known_slots" time="0.135" /><testcase classname="backend.tests.test_receipt_settings" name="test_put_dedupes_repeats" time="0.101" /><testcase classname="backend.tests.test_receipt_settings" name="test_put_rejects_invalid_paper_width" time="0.095" /></testsuite></testsuites>